# JRE version: OpenJDK Runtime Environment (11.0.5+10) (build 11.0.5+10-b520.17)
# Java VM: OpenJDK 64-Bit Server VM (11.0.5+10-b520.17, mixed mode, tiered, compressed oops, concurrent mark sweep gc, linux-amd64)
Heap:
 par new generation   total 39296K, used 10437K [0x00000000d1200000, 0x00000000d3ca0000, 0x00000000db860000)
  eden space 34944K,  29% used [0x00000000d1200000, 0x00000000d1c2ede8, 0x00000000d3420000)
  from space 4352K,   0% used [0x00000000d3860000, 0x00000000d3862850, 0x00000000d3ca0000)
  to   space 4352K,   0% used [0x00000000d3420000, 0x00000000d3420000, 0x00000000d3860000)
 concurrent mark-sweep generation total 227472K, used 190249K [0x00000000db860000, 0x00000000e9684000, 0x0000000100000000)
 Metaspace       used 213987K, capacity 220585K, committed 221020K, reserved 1243136K
  class space    used 26071K, capacity 28691K, committed 28816K, reserved 1048576K
GC Heap History (20 events):
Event: 27520.490 GC heap before
{Heap before GC invocations=237 (full 7):
 par new generation   total 39296K, used 34952K [0x00000000d1200000, 0x00000000d3ca0000, 0x00000000db860000)
  eden space 34944K, 100% used [0x00000000d1200000, 0x00000000d3420000, 0x00000000d3420000)
  from space 4352K,   0% used [0x00000000d3860000, 0x00000000d3862388, 0x00000000d3ca0000)
  to   space 4352K,   0% used [0x00000000d3420000, 0x00000000d3420000, 0x00000000d3860000)
 concurrent mark-sweep generation total 227472K, used 190241K [0x00000000db860000, 0x00000000e9684000, 0x0000000100000000)
 Metaspace       used 213893K, capacity 220494K, committed 220764K, reserved 1243136K
  class space    used 26055K, capacity 28682K, committed 28816K, reserved 1048576K
}
Event: 27520.493 GC heap after
{Heap after GC invocations=238 (full 7):
 par new generation   total 39296K, used 9K [0x00000000d1200000, 0x00000000d3ca0000, 0x00000000db860000)
  eden space 34944K,   0% used [0x00000000d1200000, 0x00000000d1200000, 0x00000000d3420000)
  from space 4352K,   0% used [0x00000000d3420000, 0x00000000d3422640, 0x00000000d3860000)
  to   space 4352K,   0% used [0x00000000d3860000, 0x00000000d3860000, 0x00000000d3ca0000)
 concurrent mark-sweep generation total 227472K, used 190241K [0x00000000db860000, 0x00000000e9684000, 0x0000000100000000)
 Metaspace       used 213893K, capacity 220494K, committed 220764K, reserved 1243136K
  class space    used 26055K, capacity 28682K, committed 28816K, reserved 1048576K
}
Event: 28022.846 GC heap before
{Heap before GC invocations=238 (full 7):
 par new generation   total 39296K, used 34953K [0x00000000d1200000, 0x00000000d3ca0000, 0x00000000db860000)
  eden space 34944K, 100% used [0x00000000d1200000, 0x00000000d3420000, 0x00000000d3420000)
  from space 4352K,   0% used [0x00000000d3420000, 0x00000000d3422640, 0x00000000d3860000)
  to   space 4352K,   0% used [0x00000000d3860000, 0x00000000d3860000, 0x00000000d3ca0000)
 concurrent mark-sweep generation total 227472K, used 190241K [0x00000000db860000, 0x00000000e9684000, 0x0000000100000000)
 Metaspace       used 213893K, capacity 220494K, committed 220764K, reserved 1243136K
  class space    used 26055K, capacity 28682K, committed 28816K, reserved 1048576K
}
Event: 28022.851 GC heap after
{Heap after GC invocations=239 (full 7):
 par new generation   total 39296K, used 11K [0x00000000d1200000, 0x00000000d3ca0000, 0x00000000db860000)
  eden space 34944K,   0% used [0x00000000d1200000, 0x00000000d1200000, 0x00000000d3420000)
  from space 4352K,   0% used [0x00000000d3860000, 0x00000000d3862de0, 0x00000000d3ca0000)
  to   space 4352K,   0% used [0x00000000d3420000, 0x00000000d3420000, 0x00000000d3860000)
 concurrent mark-sweep generation total 227472K, used 190242K [0x00000000db860000, 0x00000000e9684000, 0x0000000100000000)
 Metaspace       used 213893K, capacity 220494K, committed 220764K, reserved 1243136K
  class space    used 26055K, capacity 28682K, committed 28816K, reserved 1048576K
}
Event: 28525.758 GC heap before
{Heap before GC invocations=239 (full 7):
 par new generation   total 39296K, used 34955K [0x00000000d1200000, 0x00000000d3ca0000, 0x00000000db860000)
  eden space 34944K, 100% used [0x00000000d1200000, 0x00000000d3420000, 0x00000000d3420000)
  from space 4352K,   0% used [0x00000000d3860000, 0x00000000d3862de0, 0x00000000d3ca0000)
  to   space 4352K,   0% used [0x00000000d3420000, 0x00000000d3420000, 0x00000000d3860000)
 concurrent mark-sweep generation total 227472K, used 190242K [0x00000000db860000, 0x00000000e9684000, 0x0000000100000000)
 Metaspace       used 213893K, capacity 220494K, committed 220764K, reserved 1243136K
  class space    used 26055K, capacity 28682K, committed 28816K, reserved 1048576K
}
Event: 28525.763 GC heap after
{Heap after GC invocations=240 (full 7):
 par new generation   total 39296K, used 11K [0x00000000d1200000, 0x00000000d3ca0000, 0x00000000db860000)
  eden space 34944K,   0% used [0x00000000d1200000, 0x00000000d1200000, 0x00000000d3420000)
  from space 4352K,   0% used [0x00000000d3420000, 0x00000000d3422cf0, 0x00000000d3860000)
  to   space 4352K,   0% used [0x00000000d3860000, 0x00000000d3860000, 0x00000000d3ca0000)
 concurrent mark-sweep generation total 227472K, used 190243K [0x00000000db860000, 0x00000000e9684000, 0x0000000100000000)
 Metaspace       used 213893K, capacity 220494K, committed 220764K, reserved 1243136K
  class space    used 26055K, capacity 28682K, committed 28816K, reserved 1048576K
}
Event: 29026.109 GC heap before
{Heap before GC invocations=240 (full 7):
 par new generation   total 39296K, used 34955K [0x00000000d1200000, 0x00000000d3ca0000, 0x00000000db860000)
  eden space 34944K, 100% used [0x00000000d1200000, 0x00000000d3420000, 0x00000000d3420000)
  from space 4352K,   0% used [0x00000000d3420000, 0x00000000d3422cf0, 0x00000000d3860000)
  to   space 4352K,   0% used [0x00000000d3860000, 0x00000000d3860000, 0x00000000d3ca0000)
 concurrent mark-sweep generation total 227472K, used 190243K [0x00000000db860000, 0x00000000e9684000, 0x0000000100000000)
 Metaspace       used 213893K, capacity 220494K, committed 220764K, reserved 1243136K
  class space    used 26055K, capacity 28682K, committed 28816K, reserved 1048576K
}
Event: 29026.113 GC heap after
{Heap after GC invocations=241 (full 7):
 par new generation   total 39296K, used 11K [0x00000000d1200000, 0x00000000d3ca0000, 0x00000000db860000)
  eden space 34944K,   0% used [0x00000000d1200000, 0x00000000d1200000, 0x00000000d3420000)
  from space 4352K,   0% used [0x00000000d3860000, 0x00000000d3862d58, 0x00000000d3ca0000)
  to   space 4352K,   0% used [0x00000000d3420000, 0x00000000d3420000, 0x00000000d3860000)
 concurrent mark-sweep generation total 227472K, used 190244K [0x00000000db860000, 0x00000000e9684000, 0x0000000100000000)
 Metaspace       used 213893K, capacity 220494K, committed 220764K, reserved 1243136K
  class space    used 26055K, capacity 28682K, committed 28816K, reserved 1048576K
}
Event: 29526.365 GC heap before
{Heap before GC invocations=241 (full 7):
 par new generation   total 39296K, used 34955K [0x00000000d1200000, 0x00000000d3ca0000, 0x00000000db860000)
  eden space 34944K, 100% used [0x00000000d1200000, 0x00000000d3420000, 0x00000000d3420000)
  from space 4352K,   0% used [0x00000000d3860000, 0x00000000d3862d58, 0x00000000d3ca0000)
  to   space 4352K,   0% used [0x00000000d3420000, 0x00000000d3420000, 0x00000000d3860000)
 concurrent mark-sweep generation total 227472K, used 190244K [0x00000000db860000, 0x00000000e9684000, 0x0000000100000000)
 Metaspace       used 213893K, capacity 220494K, committed 220764K, reserved 1243136K
  class space    used 26055K, capacity 28682K, committed 28816K, reserved 1048576K
}
Event: 29526.382 GC heap after
{Heap after GC invocations=242 (full 7):
 par new generation   total 39296K, used 8K [0x00000000d1200000, 0x00000000d3ca0000, 0x00000000db860000)
  eden space 34944K,   0% used [0x00000000d1200000, 0x00000000d1200000, 0x00000000d3420000)
  from space 4352K,   0% used [0x00000000d3420000, 0x00000000d3422330, 0x00000000d3860000)
  to   space 4352K,   0% used [0x00000000d3860000, 0x00000000d3860000, 0x00000000d3ca0000)
 concurrent mark-sweep generation total 227472K, used 190245K [0x00000000db860000, 0x00000000e9684000, 0x0000000100000000)
 Metaspace       used 213893K, capacity 220494K, committed 220764K, reserved 1243136K
  class space    used 26055K, capacity 28682K, committed 28816K, reserved 1048576K
}
Event: 30029.342 GC heap before
{Heap before GC invocations=242 (full 7):
 par new generation   total 39296K, used 34952K [0x00000000d1200000, 0x00000000d3ca0000, 0x00000000db860000)
  eden space 34944K, 100% used [0x00000000d1200000, 0x00000000d3420000, 0x00000000d3420000)
  from space 4352K,   0% used [0x00000000d3420000, 0x00000000d3422330, 0x00000000d3860000)
  to   space 4352K,   0% used [0x00000000d3860000, 0x00000000d3860000, 0x00000000d3ca0000)
 concurrent mark-sweep generation total 227472K, used 190245K [0x00000000db860000, 0x00000000e9684000, 0x0000000100000000)
 Metaspace       used 213893K, capacity 220494K, committed 220764K, reserved 1243136K
  class space    used 26055K, capacity 28682K, committed 28816K, reserved 1048576K
}
Event: 30029.351 GC heap after
{Heap after GC invocations=243 (full 7):
 par new generation   total 39296K, used 7K [0x00000000d1200000, 0x00000000d3ca0000, 0x00000000db860000)
  eden space 34944K,   0% used [0x00000000d1200000, 0x00000000d1200000, 0x00000000d3420000)
  from space 4352K,   0% used [0x00000000d3860000, 0x00000000d3861fc0, 0x00000000d3ca0000)
  to   space 4352K,   0% used [0x00000000d3420000, 0x00000000d3420000, 0x00000000d3860000)
 concurrent mark-sweep generation total 227472K, used 190245K [0x00000000db860000, 0x00000000e9684000, 0x0000000100000000)
 Metaspace       used 213893K, capacity 220494K, committed 220764K, reserved 1243136K
  class space    used 26055K, capacity 28682K, committed 28816K, reserved 1048576K
}
Event: 30533.994 GC heap before
{Heap before GC invocations=243 (full 7):
 par new generation   total 39296K, used 34951K [0x00000000d1200000, 0x00000000d3ca0000, 0x00000000db860000)
  eden space 34944K, 100% used [0x00000000d1200000, 0x00000000d3420000, 0x00000000d3420000)
  from space 4352K,   0% used [0x00000000d3860000, 0x00000000d3861fc0, 0x00000000d3ca0000)
  to   space 4352K,   0% used [0x00000000d3420000, 0x00000000d3420000, 0x00000000d3860000)
 concurrent mark-sweep generation total 227472K, used 190245K [0x00000000db860000, 0x00000000e9684000, 0x0000000100000000)
 Metaspace       used 213893K, capacity 220494K, committed 220764K, reserved 1243136K
  class space    used 26055K, capacity 28682K, committed 28816K, reserved 1048576K
}
Event: 30534.009 GC heap after
{Heap after GC invocations=244 (full 7):
 par new generation   total 39296K, used 9K [0x00000000d1200000, 0x00000000d3ca0000, 0x00000000db860000)
  eden space 34944K,   0% used [0x00000000d1200000, 0x00000000d1200000, 0x00000000d3420000)
  from space 4352K,   0% used [0x00000000d3420000, 0x00000000d34225b8, 0x00000000d3860000)
  to   space 4352K,   0% used [0x00000000d3860000, 0x00000000d3860000, 0x00000000d3ca0000)
 concurrent mark-sweep generation total 227472K, used 190246K [0x00000000db860000, 0x00000000e9684000, 0x0000000100000000)
 Metaspace       used 213893K, capacity 220494K, committed 220764K, reserved 1243136K
  class space    used 26055K, capacity 28682K, committed 28816K, reserved 1048576K
}
Event: 31037.234 GC heap before
{Heap before GC invocations=244 (full 7):
 par new generation   total 39296K, used 34953K [0x00000000d1200000, 0x00000000d3ca0000, 0x00000000db860000)
  eden space 34944K,  99% used [0x00000000d1200000, 0x00000000d341fff8, 0x00000000d3420000)
  from space 4352K,   0% used [0x00000000d3420000, 0x00000000d34225b8, 0x00000000d3860000)
  to   space 4352K,   0% used [0x00000000d3860000, 0x00000000d3860000, 0x00000000d3ca0000)
 concurrent mark-sweep generation total 227472K, used 190246K [0x00000000db860000, 0x00000000e9684000, 0x0000000100000000)
 Metaspace       used 213896K, capacity 220494K, committed 220764K, reserved 1243136K
  class space    used 26055K, capacity 28682K, committed 28816K, reserved 1048576K
}
Event: 31037.241 GC heap after
{Heap after GC invocations=245 (full 7):
 par new generation   total 39296K, used 8K [0x00000000d1200000, 0x00000000d3ca0000, 0x00000000db860000)
  eden space 34944K,   0% used [0x00000000d1200000, 0x00000000d1200000, 0x00000000d3420000)
  from space 4352K,   0% used [0x00000000d3860000, 0x00000000d3862350, 0x00000000d3ca0000)
  to   space 4352K,   0% used [0x00000000d3420000, 0x00000000d3420000, 0x00000000d3860000)
 concurrent mark-sweep generation total 227472K, used 190247K [0x00000000db860000, 0x00000000e9684000, 0x0000000100000000)
 Metaspace       used 213896K, capacity 220494K, committed 220764K, reserved 1243136K
  class space    used 26055K, capacity 28682K, committed 28816K, reserved 1048576K
}
Event: 31541.729 GC heap before
{Heap before GC invocations=245 (full 7):
 par new generation   total 39296K, used 34952K [0x00000000d1200000, 0x00000000d3ca0000, 0x00000000db860000)
  eden space 34944K, 100% used [0x00000000d1200000, 0x00000000d3420000, 0x00000000d3420000)
  from space 4352K,   0% used [0x00000000d3860000, 0x00000000d3862350, 0x00000000d3ca0000)
  to   space 4352K,   0% used [0x00000000d3420000, 0x00000000d3420000, 0x00000000d3860000)
 concurrent mark-sweep generation total 227472K, used 190247K [0x00000000db860000, 0x00000000e9684000, 0x0000000100000000)
 Metaspace       used 213896K, capacity 220494K, committed 220764K, reserved 1243136K
  class space    used 26055K, capacity 28682K, committed 28816K, reserved 1048576K
}
Event: 31541.737 GC heap after
{Heap after GC invocations=246 (full 7):
 par new generation   total 39296K, used 10K [0x00000000d1200000, 0x00000000d3ca0000, 0x00000000db860000)
  eden space 34944K,   0% used [0x00000000d1200000, 0x00000000d1200000, 0x00000000d3420000)
  from space 4352K,   0% used [0x00000000d3420000, 0x00000000d3422b80, 0x00000000d3860000)
  to   space 4352K,   0% used [0x00000000d3860000, 0x00000000d3860000, 0x00000000d3ca0000)
 concurrent mark-sweep generation total 227472K, used 190248K [0x00000000db860000, 0x00000000e9684000, 0x0000000100000000)
 Metaspace       used 213896K, capacity 220494K, committed 220764K, reserved 1243136K
  class space    used 26055K, capacity 28682K, committed 28816K, reserved 1048576K
}
Event: 32044.040 GC heap before
{Heap before GC invocations=246 (full 7):
 par new generation   total 39296K, used 34954K [0x00000000d1200000, 0x00000000d3ca0000, 0x00000000db860000)
  eden space 34944K, 100% used [0x00000000d1200000, 0x00000000d3420000, 0x00000000d3420000)
  from space 4352K,   0% used [0x00000000d3420000, 0x00000000d3422b80, 0x00000000d3860000)
  to   space 4352K,   0% used [0x00000000d3860000, 0x00000000d3860000, 0x00000000d3ca0000)
 concurrent mark-sweep generation total 227472K, used 190248K [0x00000000db860000, 0x00000000e9684000, 0x0000000100000000)
 Metaspace       used 213896K, capacity 220494K, committed 220764K, reserved 1243136K
  class space    used 26055K, capacity 28682K, committed 28816K, reserved 1048576K
}
Event: 32044.052 GC heap after
{Heap after GC invocations=247 (full 7):
 par new generation   total 39296K, used 10K [0x00000000d1200000, 0x00000000d3ca0000, 0x00000000db860000)
  eden space 34944K,   0% used [0x00000000d1200000, 0x00000000d1200000, 0x00000000d3420000)
  from space 4352K,   0% used [0x00000000d3860000, 0x00000000d3862850, 0x00000000d3ca0000)
  to   space 4352K,   0% used [0x00000000d3420000, 0x00000000d3420000, 0x00000000d3860000)
 concurrent mark-sweep generation total 227472K, used 190249K [0x00000000db860000, 0x00000000e9684000, 0x0000000100000000)
 Metaspace       used 213896K, capacity 220494K, committed 220764K, reserved 1243136K
  class space    used 26055K, capacity 28682K, committed 28816K, reserved 1048576K
}

